TN:
SF:D:/EPAM lessons/EPAM Corp Trainings/Angular/ng-test/src/polyfills.ts
FNF:0
FNH:0
DA:46,1
DA:60,1
LF:2
LH:2
BRF:0
BRH:0
end_of_record
TN:
SF:D:/EPAM lessons/EPAM Corp Trainings/Angular/ng-test/src/test.ts
FNF:0
FNH:0
DA:3,1
DA:4,1
DA:5,1
DA:13,1
DA:18,1
DA:20,1
LF:6
LH:6
BRF:0
BRH:0
end_of_record
TN:
SF:D:/EPAM lessons/EPAM Corp Trainings/Angular/ng-test/src/app/app.component.ts
FN:11,(anonymous_2)
FN:14,AppComponent
FN:19,(anonymous_4)
FNF:3
FNH:3
FNDA:1,(anonymous_2)
FNDA:2,AppComponent
FNDA:2,(anonymous_4)
DA:1,1
DA:3,1
DA:11,1
DA:12,2
DA:15,2
DA:16,2
DA:19,1
DA:20,2
DA:21,2
DA:22,2
DA:23,2
DA:24,2
DA:25,2
DA:28,1
LF:14
LH:14
BRF:0
BRH:0
end_of_record
TN:
SF:D:/EPAM lessons/EPAM Corp Trainings/Angular/ng-test/src/app/cart/pipes/cart-sort.pipe.ts
FN:7,(anonymous_1)
FN:4,CartSortPipe
FN:20,(anonymous_3)
FN:9,(anonymous_4)
FN:37,(anonymous_5)
FN:38,(anonymous_6)
FN:58,(anonymous_7)
FNF:7
FNH:6
FNDA:1,(anonymous_1)
FNDA:1,CartSortPipe
FNDA:12,(anonymous_3)
FNDA:2,(anonymous_4)
FNDA:2,(anonymous_5)
FNDA:6,(anonymous_6)
FNDA:0,(anonymous_7)
DA:1,1
DA:7,1
DA:9,2
DA:10,2
DA:11,2
DA:12,0
DA:14,2
DA:15,2
DA:20,1
DA:21,12
DA:22,12
DA:23,12
DA:24,12
DA:25,30
DA:26,30
DA:27,30
DA:29,0
DA:32,12
DA:37,2
DA:38,2
DA:39,6
DA:40,6
DA:41,0
DA:43,6
DA:44,6
DA:45,0
DA:47,6
DA:55,2
DA:58,1
DA:60,0
DA:61,0
DA:62,0
DA:64,0
DA:67,0
DA:70,1
LF:35
LH:26
BRDA:26,0,0,30
BRDA:26,0,1,0
BRDA:9,1,0,0
BRDA:9,1,1,2
BRDA:11,2,0,0
BRDA:11,2,1,2
BRDA:40,3,0,0
BRDA:40,3,1,6
BRDA:44,4,0,0
BRDA:44,4,1,6
BRDA:48,5,0,5
BRDA:48,5,1,1
BRDA:50,6,0,0
BRDA:50,6,1,1
BRDA:52,7,0,3
BRDA:52,7,1,3
BRDA:61,8,0,0
BRDA:61,8,1,0
BRF:18
BRH:10
end_of_record
TN:
SF:D:/EPAM lessons/EPAM Corp Trainings/Angular/ng-test/src/app/core/models/cart-item.model.ts
FN:6,(anonymous_0)
FN:7,CartItem
FNF:2
FNH:1
FNDA:1,(anonymous_0)
FNDA:0,CartItem
DA:6,1
DA:8,0
DA:9,0
DA:12,1
LF:4
LH:2
BRDA:9,0,0,0
BRDA:9,0,1,0
BRF:2
BRH:0
end_of_record
TN:
SF:D:/EPAM lessons/EPAM Corp Trainings/Angular/ng-test/src/app/core/models/config.model.ts
FN:4,(anonymous_0)
FN:5,Config
FNF:2
FNH:1
FNDA:1,(anonymous_0)
FNDA:0,Config
DA:4,1
DA:6,0
DA:7,0
DA:8,0
DA:11,1
LF:5
LH:2
BRF:0
BRH:0
end_of_record
TN:
SF:D:/EPAM lessons/EPAM Corp Trainings/Angular/ng-test/src/app/core/models/index.ts
FNF:0
FNH:0
DA:1,1
DA:3,1
DA:4,1
DA:5,1
DA:6,1
DA:7,1
DA:8,1
LF:7
LH:7
BRF:0
BRH:0
end_of_record
TN:
SF:D:/EPAM lessons/EPAM Corp Trainings/Angular/ng-test/src/app/core/models/order-item.model.ts
FN:6,(anonymous_0)
FN:7,OrderItem
FN:13,(anonymous_2)
FNF:3
FNH:2
FNDA:1,(anonymous_0)
FNDA:1,OrderItem
FNDA:0,(anonymous_2)
DA:6,1
DA:8,1
DA:9,1
DA:13,1
DA:14,0
DA:16,1
LF:6
LH:5
BRF:0
BRH:0
end_of_record
TN:
SF:D:/EPAM lessons/EPAM Corp Trainings/Angular/ng-test/src/app/core/models/order.model.ts
FN:6,(anonymous_0)
FN:7,Order
FN:15,(anonymous_2)
FNF:3
FNH:1
FNDA:1,(anonymous_0)
FNDA:0,Order
FNDA:0,(anonymous_2)
DA:6,1
DA:8,0
DA:9,0
DA:10,0
DA:11,0
DA:15,1
DA:16,0
DA:17,0
DA:18,0
DA:21,0
DA:23,1
LF:11
LH:3
BRF:0
BRH:0
end_of_record
TN:
SF:D:/EPAM lessons/EPAM Corp Trainings/Angular/ng-test/src/app/core/models/product-category.model.ts
FN:4,(anonymous_0)
FNF:1
FNH:1
FNDA:1,(anonymous_0)
DA:4,1
DA:5,1
DA:6,1
LF:3
LH:3
BRDA:4,0,0,1
BRDA:4,0,1,1
BRF:2
BRH:2
end_of_record
TN:
SF:D:/EPAM lessons/EPAM Corp Trainings/Angular/ng-test/src/app/core/models/product.model.ts
FN:7,(anonymous_0)
FN:8,Product
FNF:2
FNH:2
FNDA:1,(anonymous_0)
FNDA:1,Product
DA:7,1
DA:9,1
DA:10,1
DA:11,1
DA:12,1
DA:13,1
DA:14,1
DA:15,1
DA:16,1
DA:17,1
DA:20,1
LF:11
LH:11
BRF:0
BRH:0
end_of_record
TN:
SF:D:/EPAM lessons/EPAM Corp Trainings/Angular/ng-test/src/app/core/models/user.model.ts
FN:5,(anonymous_0)
FN:6,User
FNF:2
FNH:2
FNDA:1,(anonymous_0)
FNDA:9,User
DA:5,1
DA:7,9
DA:8,9
DA:9,9
DA:12,1
LF:5
LH:5
BRF:0
BRH:0
end_of_record
TN:
SF:D:/EPAM lessons/EPAM Corp Trainings/Angular/ng-test/src/app/core/services/app-settings.service.ts
FN:11,(anonymous_2)
FN:13,AppSettingsService
FN:20,(anonymous_4)
FN:26,(anonymous_5)
FN:38,(anonymous_6)
FNF:5
FNH:1
FNDA:1,(anonymous_2)
FNDA:0,AppSettingsService
FNDA:0,(anonymous_4)
FNDA:0,(anonymous_5)
FNDA:0,(anonymous_6)
DA:1,1
DA:2,1
DA:7,1
DA:8,1
DA:11,1
DA:14,0
DA:15,0
DA:18,0
DA:20,1
DA:21,0
DA:23,0
DA:24,0
DA:27,0
DA:28,0
DA:29,0
DA:30,0
DA:33,0
DA:34,0
DA:38,1
DA:39,0
DA:42,1
LF:21
LH:8
BRDA:23,0,0,0
BRDA:23,0,1,0
BRDA:27,1,0,0
BRDA:27,1,1,0
BRF:4
BRH:0
end_of_record
TN:
SF:D:/EPAM lessons/EPAM Corp Trainings/Angular/ng-test/src/app/core/services/auth.service.ts
FN:8,(anonymous_1)
FN:7,AuthService
FN:15,(anonymous_3)
FN:18,(anonymous_4)
FN:19,(anonymous_5)
FN:23,(anonymous_6)
FNF:6
FNH:1
FNDA:1,(anonymous_1)
FNDA:0,AuthService
FNDA:0,(anonymous_3)
FNDA:0,(anonymous_4)
FNDA:0,(anonymous_5)
FNDA:0,(anonymous_6)
DA:1,1
DA:4,1
DA:5,1
DA:8,1
DA:9,0
DA:15,1
DA:16,0
DA:18,0
DA:19,0
DA:23,1
DA:24,0
DA:25,0
DA:27,1
LF:13
LH:7
BRF:0
BRH:0
end_of_record
TN:
SF:D:/EPAM lessons/EPAM Corp Trainings/Angular/ng-test/src/app/core/services/cart.service.ts
FN:8,(anonymous_2)
FN:12,CartService
FN:14,(anonymous_4)
FN:19,(anonymous_5)
FN:20,(anonymous_6)
FN:31,(anonymous_7)
FN:35,(anonymous_8)
FN:36,(anonymous_9)
FN:36,(anonymous_10)
FN:39,(anonymous_11)
FNF:10
FNH:1
FNDA:1,(anonymous_2)
FNDA:0,CartService
FNDA:0,(anonymous_4)
FNDA:0,(anonymous_5)
FNDA:0,(anonymous_6)
FNDA:0,(anonymous_7)
FNDA:0,(anonymous_8)
FNDA:0,(anonymous_9)
FNDA:0,(anonymous_10)
FNDA:0,(anonymous_11)
DA:1,1
DA:3,1
DA:8,1
DA:10,0
DA:14,1
DA:16,0
DA:19,1
DA:20,0
DA:21,0
DA:24,0
DA:25,0
DA:27,0
DA:31,1
DA:32,0
DA:35,1
DA:36,0
DA:39,1
DA:40,0
DA:42,1
LF:19
LH:9
BRDA:24,0,0,0
BRDA:24,0,1,0
BRF:2
BRH:0
end_of_record
TN:
SF:D:/EPAM lessons/EPAM Corp Trainings/Angular/ng-test/src/app/core/services/http.service.ts
FN:11,(anonymous_2)
FN:15,HttpService
FN:19,(anonymous_4)
FN:22,(anonymous_5)
FN:27,(anonymous_6)
FN:40,(anonymous_7)
FN:53,(anonymous_8)
FN:58,(anonymous_9)
FN:71,(anonymous_10)
FNF:9
FNH:1
FNDA:1,(anonymous_2)
FNDA:0,HttpService
FNDA:0,(anonymous_4)
FNDA:0,(anonymous_5)
FNDA:0,(anonymous_6)
FNDA:0,(anonymous_7)
FNDA:0,(anonymous_8)
FNDA:0,(anonymous_9)
FNDA:0,(anonymous_10)
DA:1,1
DA:2,1
DA:7,1
DA:8,1
DA:11,1
DA:13,0
DA:16,0
DA:19,1
DA:20,0
DA:22,0
DA:27,1
DA:28,0
DA:29,0
DA:32,0
DA:40,1
DA:41,0
DA:42,0
DA:45,0
DA:53,1
DA:54,0
DA:55,0
DA:58,1
DA:61,0
DA:62,0
DA:64,0
DA:67,0
DA:68,0
DA:71,1
DA:72,0
DA:73,0
DA:76,1
LF:31
LH:12
BRDA:55,0,0,0
BRDA:55,0,1,0
BRDA:61,1,0,0
BRDA:61,1,1,0
BRDA:73,2,0,0
BRDA:73,2,1,0
BRF:6
BRH:0
end_of_record
TN:
SF:D:/EPAM lessons/EPAM Corp Trainings/Angular/ng-test/src/app/core/services/index.ts
FNF:0
FNH:0
DA:1,1
DA:2,1
DA:3,1
DA:4,1
DA:5,1
DA:6,1
DA:7,1
DA:8,1
LF:8
LH:8
BRF:0
BRH:0
end_of_record
TN:
SF:D:/EPAM lessons/EPAM Corp Trainings/Angular/ng-test/src/app/core/services/local-storage.service.ts
FN:4,(anonymous_2)
FN:6,LocalStorageService
FN:8,(anonymous_4)
FN:12,(anonymous_5)
FN:16,(anonymous_6)
FNF:5
FNH:1
FNDA:1,(anonymous_2)
FNDA:0,LocalStorageService
FNDA:0,(anonymous_4)
FNDA:0,(anonymous_5)
FNDA:0,(anonymous_6)
DA:1,1
DA:4,1
DA:8,1
DA:9,0
DA:12,1
DA:13,0
DA:16,1
DA:17,0
DA:20,1
LF:9
LH:6
BRF:0
BRH:0
end_of_record
TN:
SF:D:/EPAM lessons/EPAM Corp Trainings/Angular/ng-test/src/app/core/services/order.service.ts
FN:7,(anonymous_3)
FN:12,OrderService
FN:17,(anonymous_5)
FN:21,(anonymous_6)
FN:35,(anonymous_7)
FN:39,(anonymous_8)
FN:40,(anonymous_9)
FN:41,(anonymous_10)
FN:53,(anonymous_11)
FN:63,(anonymous_12)
FN:67,(anonymous_13)
FNF:11
FNH:1
FNDA:1,(anonymous_3)
FNDA:0,OrderService
FNDA:0,(anonymous_5)
FNDA:0,(anonymous_6)
FNDA:0,(anonymous_7)
FNDA:0,(anonymous_8)
FNDA:0,(anonymous_9)
FNDA:0,(anonymous_10)
FNDA:0,(anonymous_11)
FNDA:0,(anonymous_12)
FNDA:0,(anonymous_13)
DA:1,1
DA:4,1
DA:7,1
DA:9,0
DA:10,0
DA:13,0
DA:14,0
DA:17,1
DA:18,0
DA:21,1
DA:22,0
DA:24,0
DA:25,0
DA:28,0
DA:30,0
DA:32,0
DA:35,1
DA:36,0
DA:37,0
DA:38,0
DA:39,0
DA:40,0
DA:42,0
DA:43,0
DA:44,0
DA:45,0
DA:46,0
DA:49,0
DA:50,0
DA:53,1
DA:54,0
DA:56,0
DA:57,0
DA:60,0
DA:63,1
DA:64,0
DA:67,1
DA:68,0
DA:69,0
DA:70,0
DA:72,0
DA:73,0
DA:76,0
DA:78,0
DA:80,0
DA:81,0
DA:84,0
DA:85,0
DA:87,0
DA:90,0
DA:93,1
LF:51
LH:10
BRDA:24,0,0,0
BRDA:24,0,1,0
BRDA:32,1,0,0
BRDA:32,1,1,0
BRDA:56,2,0,0
BRDA:56,2,1,0
BRDA:68,3,0,0
BRDA:68,3,1,0
BRDA:72,4,0,0
BRDA:72,4,1,0
BRDA:80,5,0,0
BRDA:80,5,1,0
BRF:12
BRH:0
end_of_record
TN:
SF:D:/EPAM lessons/EPAM Corp Trainings/Angular/ng-test/src/app/core/services/product.service.ts
FN:8,(anonymous_3)
FN:12,ProductService
FN:15,(anonymous_5)
FN:19,(anonymous_6)
FN:23,(anonymous_7)
FN:28,(anonymous_8)
FNF:6
FNH:1
FNDA:1,(anonymous_3)
FNDA:0,ProductService
FNDA:0,(anonymous_5)
FNDA:0,(anonymous_6)
FNDA:0,(anonymous_7)
FNDA:0,(anonymous_8)
DA:1,1
DA:4,1
DA:8,1
DA:10,0
DA:12,0
DA:15,1
DA:16,0
DA:19,1
DA:20,0
DA:23,1
DA:24,0
DA:25,0
DA:28,1
DA:29,0
DA:30,0
DA:32,1
LF:16
LH:8
BRF:0
BRH:0
end_of_record
TN:
SF:D:/EPAM lessons/EPAM Corp Trainings/Angular/ng-test/src/app/core/services/user.service.ts
FN:11,(anonymous_2)
FN:18,UserService
FN:25,(anonymous_4)
FN:29,(anonymous_5)
FN:33,(anonymous_6)
FN:37,(anonymous_7)
FN:41,(anonymous_8)
FN:49,(anonymous_9)
FN:53,(anonymous_10)
FN:57,(anonymous_11)
FN:64,(anonymous_12)
FN:82,(anonymous_13)
FN:86,(anonymous_14)
FN:88,(anonymous_15)
FNF:14
FNH:11
FNDA:1,(anonymous_2)
FNDA:4,UserService
FNDA:1,(anonymous_4)
FNDA:4,(anonymous_5)
FNDA:1,(anonymous_6)
FNDA:1,(anonymous_7)
FNDA:1,(anonymous_8)
FNDA:0,(anonymous_9)
FNDA:0,(anonymous_10)
FNDA:0,(anonymous_11)
FNDA:6,(anonymous_12)
FNDA:6,(anonymous_13)
FNDA:7,(anonymous_14)
FNDA:10,(anonymous_15)
DA:1,1
DA:2,1
DA:5,1
DA:7,1
DA:8,1
DA:11,1
DA:12,4
DA:19,4
DA:21,4
DA:22,4
DA:25,1
DA:26,1
DA:29,1
DA:30,4
DA:33,1
DA:34,1
DA:37,1
DA:38,1
DA:41,1
DA:42,1
DA:43,1
DA:44,1
DA:46,1
DA:49,1
DA:50,0
DA:53,1
DA:54,0
DA:56,0
DA:57,0
DA:58,0
DA:61,0
DA:64,1
DA:65,6
DA:66,6
DA:68,6
DA:69,4
DA:72,6
DA:74,6
DA:75,6
DA:77,6
DA:79,6
DA:82,1
DA:83,6
DA:86,1
DA:87,7
DA:88,7
DA:89,10
DA:91,7
DA:94,1
LF:49
LH:43
BRDA:54,0,0,0
BRDA:54,0,1,0
BRDA:68,1,0,4
BRDA:68,1,1,2
BRF:4
BRH:2
end_of_record
TN:
SF:D:/EPAM lessons/EPAM Corp Trainings/Angular/ng-test/src/app/products/components/product-list/product-list.component.ts
FN:12,(anonymous_14)
FN:16,ProductListComponent
FN:21,(anonymous_16)
FN:26,(anonymous_19)
FN:31,(anonymous_20)
FNF:5
FNH:5
FNDA:1,(anonymous_14)
FNDA:3,ProductListComponent
FNDA:3,(anonymous_16)
FNDA:1,(anonymous_19)
FNDA:1,(anonymous_20)
DA:1,1
DA:2,1
DA:5,1
DA:12,1
DA:17,3
DA:18,3
DA:19,3
DA:21,1
DA:23,3
DA:26,1
DA:27,1
DA:28,1
DA:31,1
DA:32,1
DA:33,1
DA:36,1
LF:16
LH:16
BRF:0
BRH:0
end_of_record
TN:
SF:D:/EPAM lessons/EPAM Corp Trainings/Angular/ng-test/src/app/products/components/product-short/product-short.component.ts
FN:10,(anonymous_2)
FN:17,ProductShortComponent
FN:19,(anonymous_4)
FN:23,(anonymous_5)
FN:27,(anonymous_6)
FN:31,(anonymous_7)
FN:35,(anonymous_8)
FN:39,(anonymous_9)
FN:43,(anonymous_10)
FNF:9
FNH:5
FNDA:1,(anonymous_2)
FNDA:3,ProductShortComponent
FNDA:3,(anonymous_4)
FNDA:0,(anonymous_5)
FNDA:0,(anonymous_6)
FNDA:0,(anonymous_7)
FNDA:6,(anonymous_8)
FNDA:0,(anonymous_9)
FNDA:6,(anonymous_10)
DA:1,1
DA:3,1
DA:10,1
DA:11,1
DA:12,4
DA:13,4
DA:15,3
DA:19,1
DA:23,1
DA:24,0
DA:27,1
DA:28,0
DA:31,1
DA:32,0
DA:35,1
DA:36,6
DA:39,1
DA:40,0
DA:43,1
DA:44,6
DA:46,1
LF:21
LH:17
BRDA:32,0,0,0
BRDA:32,0,1,0
BRDA:36,1,0,6
BRDA:36,1,1,0
BRDA:40,2,0,0
BRDA:40,2,1,0
BRF:6
BRH:1
end_of_record
